Using pre-set license
Built from '2020.3/staging' branch; Version is '2020.3.6f1 (338bb68529b2) revision 3378102'; Using compiler version '192528614'; Build Type 'Release'
OS: 'Windows 10 Pro; OS build 19042.1052; Version 2009; 64bit' Language: 'ja' Physical Memory: 16254 MB
BatchMode: 1, IsHumanControllingUs: 0, StartBugReporterOnCrash: 0, Is64bit: 1, IsPro: 0

 COMMAND LINE ARGUMENTS:
C:\Users\student\Desktop\yaginuma\Unity\2020.3.6f1\Editor\Unity.exe
-adb2
-batchMode
-noUpm
-name
AssetImportWorker0
-projectPath
C:/Users/student/Desktop/yaginuma/Unity/UnityGameSample/Oni
-logFile
Logs/AssetImportWorker0.log
-srvPort
52370
Successfully changed project path to: C:/Users/student/Desktop/yaginuma/Unity/UnityGameSample/Oni
C:/Users/student/Desktop/yaginuma/Unity/UnityGameSample/Oni
Using Asset Import Pipeline V2.
Refreshing native plugins compatible for Editor in 21.71 ms, found 0 plugins.
Preloading 0 native plugins for Editor in 0.00 ms.
Initialize engine version: 2020.3.6f1 (338bb68529b2)
[Subsystems] Discovering subsystems at path C:/Users/student/Desktop/yaginuma/Unity/2020.3.6f1/Editor/Data/Resources/UnitySubsystems
[Subsystems] Discovering subsystems at path C:/Users/student/Desktop/yaginuma/Unity/UnityGameSample/Oni/Assets
GfxDevice: creating device client; threaded=0
Direct3D:
    Version:  Direct3D 11.0 [level 11.1]
    Renderer: Intel(R) UHD Graphics 620 (ID=0x3ea0)
    Vendor:   
    VRAM:     8127 MB
    Driver:   27.20.100.8190
Initialize mono
Mono path[0] = 'C:/Users/student/Desktop/yaginuma/Unity/2020.3.6f1/Editor/Data/Managed'
Mono path[1] = 'C:/Users/student/Desktop/yaginuma/Unity/2020.3.6f1/Editor/Data/MonoBleedingEdge/lib/mono/unityjit'
Mono config path = 'C:/Users/student/Desktop/yaginuma/Unity/2020.3.6f1/Editor/Data/MonoBleedingEdge/etc'
Using monoOptions --debugger-agent=transport=dt_socket,embedding=1,server=y,suspend=n,address=127.0.0.1:56868
Begin MonoManager ReloadAssembly
Registering precompiled unity dll's ...
Register platform support module: C:/Users/student/Desktop/yaginuma/Unity/2020.3.6f1/Editor/Data/PlaybackEngines/WindowsStandaloneSupport/UnityEditor.WindowsStandalone.Extensions.dll
Registered in 0.001364 seconds.
Native extension for WindowsStandalone target not found
Refreshing native plugins compatible for Editor in 22.93 ms, found 0 plugins.
Preloading 0 native plugins for Editor in 0.00 ms.
Mono: successfully reloaded assembly
- Completed reload, in  0.958 seconds
Platform modules already initialized, skipping
Registering precompiled user dll's ...
Registered in 0.000536 seconds.
Begin MonoManager ReloadAssembly
Native extension for WindowsStandalone target not found
Refreshing native plugins compatible for Editor in 0.21 ms, found 0 plugins.
Preloading 0 native plugins for Editor in 0.00 ms.
Mono: successfully reloaded assembly
- Completed reload, in  0.804 seconds
Platform modules already initialized, skipping
========================================================================
Worker process is ready to serve import requests
Launched and connected shader compiler UnityShaderCompiler.exe after 0.04 seconds
Refreshing native plugins compatible for Editor in 0.19 ms, found 0 plugins.
Preloading 0 native plugins for Editor in 0.00 ms.
Unloading 1132 Unused Serialized files (Serialized files now loaded: 0)
System memory in use before: 57.5 MB.
System memory in use after: 57.5 MB.

Unloading 10 unused Assets to reduce memory usage. Loaded Objects now: 1574.
Total: 2.162600 ms (FindLiveObjects: 0.237600 ms CreateObjectMapping: 0.052800 ms MarkObjects: 1.793900 ms  DeleteObjects: 0.077400 ms)

========================================================================
Received Import Request.
  path: Assets/Script
  artifactKey: Guid(7cb64d4ac3543ea45a596b8bfdc78172) Importer(815301076,1909f56bfc062723c751e8b465ee728b)
Start importing Assets/Script using Guid(7cb64d4ac3543ea45a596b8bfdc78172) Importer(815301076,1909f56bfc062723c751e8b465ee728b)  -> (artifact id: '3435fde3e10e88a4be389302bf094faa') in 0.015060 seconds
  Import took 0.017449 seconds .

========================================================================
Received Import Request.
  Time since last request: 2.070274 seconds.
  path: Assets/Script/FadeControl.cs
  artifactKey: Guid(eb2bdd577bb0d9a438686139b886040e) Importer(815301076,1909f56bfc062723c751e8b465ee728b)
Start importing Assets/Script/FadeControl.cs using Guid(eb2bdd577bb0d9a438686139b886040e) Importer(815301076,1909f56bfc062723c751e8b465ee728b)  -> (artifact id: '365fdc5a40e352d90b695de75a990a99') in 0.029739 seconds
  Import took 0.031687 seconds .

========================================================================
Received Import Request.
  Time since last request: 1.414451 seconds.
  path: Assets/Script/FadeControl.cs
  artifactKey: Guid(eb2bdd577bb0d9a438686139b886040e) Importer(815301076,1909f56bfc062723c751e8b465ee728b)
Start importing Assets/Script/FadeControl.cs using Guid(eb2bdd577bb0d9a438686139b886040e) Importer(815301076,1909f56bfc062723c751e8b465ee728b)  -> (artifact id: '365fdc5a40e352d90b695de75a990a99') in 0.001952 seconds
  Import took 0.003822 seconds .

========================================================================
Received Import Request.
  Time since last request: 51.760269 seconds.
  path: Assets/Script/FloorControl.cs
  artifactKey: Guid(196b2a920340f5b439d4943b8c2f3681) Importer(815301076,1909f56bfc062723c751e8b465ee728b)
Start importing Assets/Script/FloorControl.cs using Guid(196b2a920340f5b439d4943b8c2f3681) Importer(815301076,1909f56bfc062723c751e8b465ee728b)  -> (artifact id: '183fef4ccc4ccb48561b4b0ed0d159e0') in 0.008731 seconds
  Import took 0.011153 seconds .

AssetImportWorkerClient::OnTransportError - code=2 error=End of file
